[2026-03-18T17:34:01.203+0000] {local_task_job_runner.py:120} INFO - ::group::Pre task execution logs
[2026-03-18T17:34:01.361+0000] {taskinstance.py:2076} INFO - Dependencies all met for dep_context=non-requeueable deps ti=<TaskInstance: offline_translation_pipeline.node4_ge_statistics manual__2026-03-18T17:30:22.249493+00:00 [queued]>
[2026-03-18T17:34:01.379+0000] {taskinstance.py:2076} INFO - Dependencies all met for dep_context=requeueable deps ti=<TaskInstance: offline_translation_pipeline.node4_ge_statistics manual__2026-03-18T17:30:22.249493+00:00 [queued]>
[2026-03-18T17:34:01.380+0000] {taskinstance.py:2306} INFO - Starting attempt 1 of 2
[2026-03-18T17:34:01.418+0000] {taskinstance.py:2330} INFO - Executing <Task(PythonOperator): node4_ge_statistics> on 2026-03-18 17:30:22.249493+00:00
[2026-03-18T17:34:01.424+0000] {standard_task_runner.py:64} INFO - Started process 291 to run task
[2026-03-18T17:34:01.432+0000] {standard_task_runner.py:90} INFO - Running: ['***', 'tasks', 'run', 'offline_translation_pipeline', 'node4_ge_statistics', 'manual__2026-03-18T17:30:22.249493+00:00', '--job-id', '5', '--raw', '--subdir', 'DAGS_FOLDER/offline_pipeline.py', '--cfg-path', '/tmp/tmpgstxuxnt']
[2026-03-18T17:34:01.436+0000] {standard_task_runner.py:91} INFO - Job 5: Subtask node4_ge_statistics
[2026-03-18T17:34:01.691+0000] {task_command.py:426} INFO - Running <TaskInstance: offline_translation_pipeline.node4_ge_statistics manual__2026-03-18T17:30:22.249493+00:00 [running]> on host b3297fa56597
[2026-03-18T17:34:02.504+0000] {taskinstance.py:2648} INFO - Exporting env vars: AIRFLOW_CTX_DAG_OWNER='mlops' AIRFLOW_CTX_DAG_ID='offline_translation_pipeline' AIRFLOW_CTX_TASK_ID='node4_ge_statistics' AIRFLOW_CTX_EXECUTION_DATE='2026-03-18T17:30:22.249493+00:00' AIRFLOW_CTX_TRY_NUMBER='1' AIRFLOW_CTX_DAG_RUN_ID='manual__2026-03-18T17:30:22.249493+00:00'
[2026-03-18T17:34:02.506+0000] {taskinstance.py:430} INFO - ::endgroup::
[2026-03-18T17:34:02.535+0000] {logging_mixin.py:188} INFO - Reading train.jsonl line by line...
[2026-03-18T17:34:03.786+0000] {logging_mixin.py:188} INFO - Processed 100000 records...
[2026-03-18T17:34:05.002+0000] {logging_mixin.py:188} INFO - Processed 200000 records...
[2026-03-18T17:34:06.162+0000] {logging_mixin.py:188} INFO - Processed 300000 records...
[2026-03-18T17:34:07.329+0000] {logging_mixin.py:188} INFO - Processed 400000 records...
[2026-03-18T17:34:08.475+0000] {logging_mixin.py:188} INFO - Processed 500000 records...
[2026-03-18T17:34:10.032+0000] {logging_mixin.py:188} INFO - Processed 600000 records...
[2026-03-18T17:34:11.634+0000] {logging_mixin.py:188} INFO - Processed 700000 records...
[2026-03-18T17:34:13.413+0000] {logging_mixin.py:188} INFO - Processed 800000 records...
[2026-03-18T17:34:14.923+0000] {logging_mixin.py:188} INFO - Processed 900000 records...
[2026-03-18T17:34:16.188+0000] {logging_mixin.py:188} INFO - Processed 1000000 records...
[2026-03-18T17:34:17.454+0000] {logging_mixin.py:188} INFO - Processed 1100000 records...
[2026-03-18T17:34:18.576+0000] {logging_mixin.py:188} INFO - Processed 1200000 records...
[2026-03-18T17:34:19.925+0000] {logging_mixin.py:188} INFO - Processed 1300000 records...
[2026-03-18T17:34:21.488+0000] {logging_mixin.py:188} INFO - Processed 1400000 records...
[2026-03-18T17:34:23.791+0000] {logging_mixin.py:188} INFO - Processed 1500000 records...
[2026-03-18T17:34:25.451+0000] {logging_mixin.py:188} INFO - Processed 1600000 records...
[2026-03-18T17:34:26.922+0000] {logging_mixin.py:188} INFO - Processed 1700000 records...
[2026-03-18T17:34:28.240+0000] {logging_mixin.py:188} INFO - Processed 1800000 records...
[2026-03-18T17:34:29.423+0000] {logging_mixin.py:188} INFO - Processed 1900000 records...
[2026-03-18T17:34:30.888+0000] {logging_mixin.py:188} INFO - Processed 2000000 records...
[2026-03-18T17:34:32.447+0000] {logging_mixin.py:188} INFO - Processed 2100000 records...
[2026-03-18T17:34:33.084+0000] {logging_mixin.py:188} INFO - Stats written to reports/tfdv_stats_summary.json
[2026-03-18T17:34:33.086+0000] {logging_mixin.py:188} INFO - {
  "total_records": 2123785,
  "domain_distribution": {
    "medical": 1262996,
    "legal": 860789
  },
  "direction_distribution": {
    "es_to_en": 1062636,
    "en_to_es": 1061149
  },
  "input_len_mean": 18.45,
  "input_len_max": 200,
  "input_len_min": 3,
  "output_len_mean": 18.45,
  "output_len_max": 200,
  "null_input_count": 0,
  "null_output_count": 0
}
[2026-03-18T17:34:33.086+0000] {logging_mixin.py:188} INFO - Node 4 complete.
[2026-03-18T17:34:33.109+0000] {python.py:237} INFO - Done. Returned value was: None
[2026-03-18T17:34:33.117+0000] {taskinstance.py:441} INFO - ::group::Post task execution logs
[2026-03-18T17:34:33.271+0000] {taskinstance.py:1206} INFO - Marking task as SUCCESS. dag_id=offline_translation_pipeline, task_id=node4_ge_statistics, run_id=manual__2026-03-18T17:30:22.249493+00:00, execution_date=20260318T173022, start_date=20260318T173401, end_date=20260318T173433
[2026-03-18T17:34:33.370+0000] {local_task_job_runner.py:243} INFO - Task exited with return code 0
[2026-03-18T17:34:33.513+0000] {taskinstance.py:3503} INFO - 1 downstream tasks scheduled from follow-on schedule check
[2026-03-18T17:34:33.518+0000] {local_task_job_runner.py:222} INFO - ::endgroup::
