[2026-03-11T00:16:59.743+0000] {local_task_job_runner.py:120} INFO - ::group::Pre task execution logs
[2026-03-11T00:16:59.850+0000] {taskinstance.py:2076} INFO - Dependencies all met for dep_context=non-requeueable deps ti=<TaskInstance: offline_translation_pipeline.node5_schema_inference manual__2026-03-11T00:00:32.108331+00:00 [queued]>
[2026-03-11T00:16:59.867+0000] {taskinstance.py:2076} INFO - Dependencies all met for dep_context=requeueable deps ti=<TaskInstance: offline_translation_pipeline.node5_schema_inference manual__2026-03-11T00:00:32.108331+00:00 [queued]>
[2026-03-11T00:16:59.868+0000] {taskinstance.py:2306} INFO - Starting attempt 3 of 4
[2026-03-11T00:16:59.905+0000] {taskinstance.py:2330} INFO - Executing <Task(PythonOperator): node5_schema_inference> on 2026-03-11 00:00:32.108331+00:00
[2026-03-11T00:16:59.910+0000] {standard_task_runner.py:64} INFO - Started process 1264 to run task
[2026-03-11T00:16:59.914+0000] {standard_task_runner.py:90} INFO - Running: ['***', 'tasks', 'run', 'offline_translation_pipeline', 'node5_schema_inference', 'manual__2026-03-11T00:00:32.108331+00:00', '--job-id', '23', '--raw', '--subdir', 'DAGS_FOLDER/offline_pipeline.py', '--cfg-path', '/tmp/tmphna3fb3s']
[2026-03-11T00:16:59.917+0000] {standard_task_runner.py:91} INFO - Job 23: Subtask node5_schema_inference
[2026-03-11T00:17:00.173+0000] {task_command.py:426} INFO - Running <TaskInstance: offline_translation_pipeline.node5_schema_inference manual__2026-03-11T00:00:32.108331+00:00 [running]> on host 1412c404c413
[2026-03-11T00:17:00.591+0000] {taskinstance.py:2648} INFO - Exporting env vars: AIRFLOW_CTX_DAG_OWNER='mlops' AIRFLOW_CTX_DAG_ID='offline_translation_pipeline' AIRFLOW_CTX_TASK_ID='node5_schema_inference' AIRFLOW_CTX_EXECUTION_DATE='2026-03-11T00:00:32.108331+00:00' AIRFLOW_CTX_TRY_NUMBER='3' AIRFLOW_CTX_DAG_RUN_ID='manual__2026-03-11T00:00:32.108331+00:00'
[2026-03-11T00:17:00.592+0000] {taskinstance.py:430} INFO - ::endgroup::
[2026-03-11T00:17:00.613+0000] {logging_mixin.py:188} INFO - Schema loaded from reports/schema.json
[2026-03-11T00:17:00.614+0000] {logging_mixin.py:188} INFO - {
  "required_fields": [
    "instruction",
    "input",
    "output",
    "domain",
    "direction"
  ],
  "valid_domains": [
    "medical",
    "legal"
  ],
  "valid_directions": [
    "en_to_es",
    "es_to_en"
  ],
  "total_records": 2123785,
  "null_counts": {
    "input": 0,
    "output": 0
  },
  "input_len_stats": {
    "mean": 18.45,
    "max": 200,
    "min": 3
  }
}
[2026-03-11T00:17:00.614+0000] {logging_mixin.py:188} INFO - Node 5 complete.
[2026-03-11T00:17:00.614+0000] {python.py:237} INFO - Done. Returned value was: None
[2026-03-11T00:17:00.615+0000] {taskinstance.py:441} INFO - ::group::Post task execution logs
[2026-03-11T00:17:00.680+0000] {taskinstance.py:1206} INFO - Marking task as SUCCESS. dag_id=offline_translation_pipeline, task_id=node5_schema_inference, run_id=manual__2026-03-11T00:00:32.108331+00:00, execution_date=20260311T000032, start_date=20260311T001659, end_date=20260311T001700
[2026-03-11T00:17:00.764+0000] {local_task_job_runner.py:243} INFO - Task exited with return code 0
[2026-03-11T00:17:00.873+0000] {taskinstance.py:3503} INFO - 1 downstream tasks scheduled from follow-on schedule check
[2026-03-11T00:17:00.877+0000] {local_task_job_runner.py:222} INFO - ::endgroup::
