[2026-03-11T00:12:39.996+0000] {local_task_job_runner.py:120} INFO - ::group::Pre task execution logs
[2026-03-11T00:12:40.106+0000] {taskinstance.py:2076} INFO - Dependencies all met for dep_context=non-requeueable deps ti=<TaskInstance: offline_translation_pipeline.node5_schema_inference manual__2026-03-11T00:00:32.108331+00:00 [queued]>
[2026-03-11T00:12:40.126+0000] {taskinstance.py:2076} INFO - Dependencies all met for dep_context=requeueable deps ti=<TaskInstance: offline_translation_pipeline.node5_schema_inference manual__2026-03-11T00:00:32.108331+00:00 [queued]>
[2026-03-11T00:12:40.126+0000] {taskinstance.py:2306} INFO - Starting attempt 1 of 2
[2026-03-11T00:12:40.160+0000] {taskinstance.py:2330} INFO - Executing <Task(PythonOperator): node5_schema_inference> on 2026-03-11 00:00:32.108331+00:00
[2026-03-11T00:12:40.167+0000] {standard_task_runner.py:64} INFO - Started process 1211 to run task
[2026-03-11T00:12:40.174+0000] {standard_task_runner.py:90} INFO - Running: ['***', 'tasks', 'run', 'offline_translation_pipeline', 'node5_schema_inference', 'manual__2026-03-11T00:00:32.108331+00:00', '--job-id', '21', '--raw', '--subdir', 'DAGS_FOLDER/offline_pipeline.py', '--cfg-path', '/tmp/tmphr2qjksc']
[2026-03-11T00:12:40.177+0000] {standard_task_runner.py:91} INFO - Job 21: Subtask node5_schema_inference
[2026-03-11T00:12:40.461+0000] {task_command.py:426} INFO - Running <TaskInstance: offline_translation_pipeline.node5_schema_inference manual__2026-03-11T00:00:32.108331+00:00 [running]> on host 1412c404c413
[2026-03-11T00:12:40.912+0000] {taskinstance.py:2648} INFO - Exporting env vars: AIRFLOW_CTX_DAG_OWNER='mlops' AIRFLOW_CTX_DAG_ID='offline_translation_pipeline' AIRFLOW_CTX_TASK_ID='node5_schema_inference' AIRFLOW_CTX_EXECUTION_DATE='2026-03-11T00:00:32.108331+00:00' AIRFLOW_CTX_TRY_NUMBER='1' AIRFLOW_CTX_DAG_RUN_ID='manual__2026-03-11T00:00:32.108331+00:00'
[2026-03-11T00:12:40.914+0000] {taskinstance.py:430} INFO - ::endgroup::
[2026-03-11T00:12:44.152+0000] {logging_mixin.py:188} WARNING - /home/***/.local/lib/python3.9/site-packages/google/cloud/bigquery_storage_v1/__init__.py:66 FutureWarning: You are using a Python version (3.9.19) which Google will stop supporting in google.cloud.bigquery_storage_v1 in January 2026. Please upgrade to the latest Python version, or at least to Python 3.10, before then, and then update google.cloud.bigquery_storage_v1.
[2026-03-11T00:12:50.406+0000] {logging_mixin.py:188} WARNING - Unable to import IPython: No module named 'IPython'. 
TFDV visualization APIs will not function. To use visualization features, make sure IPython is installed, or install TFDV using "pip install tensorflow-data-validation[visualization]"
[2026-03-11T00:12:50.473+0000] {taskinstance.py:441} INFO - ::group::Post task execution logs
[2026-03-11T00:12:50.476+0000] {taskinstance.py:2905} ERROR - Task failed with exception
Traceback (most recent call last):
  File "/home/airflow/.local/lib/python3.9/site-packages/airflow/models/taskinstance.py", line 465, in _execute_task
    result = _execute_callable(context=context, **execute_callable_kwargs)
  File "/home/airflow/.local/lib/python3.9/site-packages/airflow/models/taskinstance.py", line 432, in _execute_callable
    return execute_callable(context=context, **execute_callable_kwargs)
  File "/home/airflow/.local/lib/python3.9/site-packages/airflow/models/baseoperator.py", line 401, in wrapper
    return func(self, *args, **kwargs)
  File "/home/airflow/.local/lib/python3.9/site-packages/airflow/operators/python.py", line 235, in execute
    return_value = self.execute_callable()
  File "/home/airflow/.local/lib/python3.9/site-packages/airflow/operators/python.py", line 252, in execute_callable
    return self.python_callable(*self.op_args, **self.op_kwargs)
  File "/opt/airflow/dags/offline_pipeline.py", line 19, in node5
    def node5(): from schema_inference import infer_schema; infer_schema()
  File "/opt/airflow/scripts/schema_inference.py", line 12, in infer_schema
    records = json.load(open("/opt/airflow/data/processed/train.json"))
FileNotFoundError: [Errno 2] No such file or directory: '/opt/airflow/data/processed/train.json'
[2026-03-11T00:12:50.558+0000] {taskinstance.py:1206} INFO - Marking task as UP_FOR_RETRY. dag_id=offline_translation_pipeline, task_id=node5_schema_inference, run_id=manual__2026-03-11T00:00:32.108331+00:00, execution_date=20260311T000032, start_date=20260311T001240, end_date=20260311T001250
[2026-03-11T00:12:50.617+0000] {standard_task_runner.py:110} ERROR - Failed to execute job 21 for task node5_schema_inference ([Errno 2] No such file or directory: '/opt/airflow/data/processed/train.json'; 1211)
[2026-03-11T00:12:50.688+0000] {local_task_job_runner.py:243} INFO - Task exited with return code 1
[2026-03-11T00:12:50.811+0000] {taskinstance.py:3503} INFO - 0 downstream tasks scheduled from follow-on schedule check
[2026-03-11T00:12:50.815+0000] {local_task_job_runner.py:222} INFO - ::endgroup::
