[2026-03-11T00:21:29.235+0000] {local_task_job_runner.py:120} INFO - ::group::Pre task execution logs
[2026-03-11T00:21:29.342+0000] {taskinstance.py:2076} INFO - Dependencies all met for dep_context=non-requeueable deps ti=<TaskInstance: offline_translation_pipeline.node10_trigger_online_pipeline manual__2026-03-11T00:00:32.108331+00:00 [queued]>
[2026-03-11T00:21:29.359+0000] {taskinstance.py:2076} INFO - Dependencies all met for dep_context=requeueable deps ti=<TaskInstance: offline_translation_pipeline.node10_trigger_online_pipeline manual__2026-03-11T00:00:32.108331+00:00 [queued]>
[2026-03-11T00:21:29.360+0000] {taskinstance.py:2306} INFO - Starting attempt 1 of 2
[2026-03-11T00:21:29.395+0000] {taskinstance.py:2330} INFO - Executing <Task(PythonOperator): node10_trigger_online_pipeline> on 2026-03-11 00:00:32.108331+00:00
[2026-03-11T00:21:29.400+0000] {standard_task_runner.py:64} INFO - Started process 1323 to run task
[2026-03-11T00:21:29.404+0000] {standard_task_runner.py:90} INFO - Running: ['***', 'tasks', 'run', 'offline_translation_pipeline', 'node10_trigger_online_pipeline', 'manual__2026-03-11T00:00:32.108331+00:00', '--job-id', '30', '--raw', '--subdir', 'DAGS_FOLDER/offline_pipeline.py', '--cfg-path', '/tmp/tmp2p8rp6jx']
[2026-03-11T00:21:29.406+0000] {standard_task_runner.py:91} INFO - Job 30: Subtask node10_trigger_online_pipeline
[2026-03-11T00:21:29.632+0000] {task_command.py:426} INFO - Running <TaskInstance: offline_translation_pipeline.node10_trigger_online_pipeline manual__2026-03-11T00:00:32.108331+00:00 [running]> on host 1412c404c413
[2026-03-11T00:21:30.057+0000] {taskinstance.py:2648} INFO - Exporting env vars: AIRFLOW_CTX_DAG_OWNER='mlops' AIRFLOW_CTX_DAG_ID='offline_translation_pipeline' AIRFLOW_CTX_TASK_ID='node10_trigger_online_pipeline' AIRFLOW_CTX_EXECUTION_DATE='2026-03-11T00:00:32.108331+00:00' AIRFLOW_CTX_TRY_NUMBER='1' AIRFLOW_CTX_DAG_RUN_ID='manual__2026-03-11T00:00:32.108331+00:00'
[2026-03-11T00:21:30.060+0000] {taskinstance.py:430} INFO - ::endgroup::
[2026-03-11T00:21:30.089+0000] {logging_mixin.py:188} INFO - Trigger payload ready for Phase 2:
[2026-03-11T00:21:30.089+0000] {logging_mixin.py:188} INFO - {
  "gcs_train": "gs://translation-training-data/datasets/v2_approved/train.json",
  "gcs_val": "gs://translation-training-data/datasets/v2_approved/val.json",
  "gcs_schema": "gs://translation-training-data/datasets/v2_approved/schema.json",
  "dataset_version": "v2_approved",
  "train_records": 2123785
}
[2026-03-11T00:21:30.090+0000] {logging_mixin.py:188} INFO - Node 10 complete. Offline pipeline finished.
[2026-03-11T00:21:30.090+0000] {python.py:237} INFO - Done. Returned value was: None
[2026-03-11T00:21:30.091+0000] {taskinstance.py:441} INFO - ::group::Post task execution logs
[2026-03-11T00:21:30.178+0000] {taskinstance.py:1206} INFO - Marking task as SUCCESS. dag_id=offline_translation_pipeline, task_id=node10_trigger_online_pipeline, run_id=manual__2026-03-11T00:00:32.108331+00:00, execution_date=20260311T000032, start_date=20260311T002129, end_date=20260311T002130
[2026-03-11T00:21:30.252+0000] {local_task_job_runner.py:243} INFO - Task exited with return code 0
[2026-03-11T00:21:30.336+0000] {taskinstance.py:3503} INFO - 0 downstream tasks scheduled from follow-on schedule check
[2026-03-11T00:21:30.340+0000] {local_task_job_runner.py:222} INFO - ::endgroup::
