[2026-03-11T00:21:20.377+0000] {local_task_job_runner.py:120} INFO - ::group::Pre task execution logs
[2026-03-11T00:21:20.486+0000] {taskinstance.py:2076} INFO - Dependencies all met for dep_context=non-requeueable deps ti=<TaskInstance: offline_translation_pipeline.node8_dataset_approval manual__2026-03-11T00:00:32.108331+00:00 [queued]>
[2026-03-11T00:21:20.503+0000] {taskinstance.py:2076} INFO - Dependencies all met for dep_context=requeueable deps ti=<TaskInstance: offline_translation_pipeline.node8_dataset_approval manual__2026-03-11T00:00:32.108331+00:00 [queued]>
[2026-03-11T00:21:20.503+0000] {taskinstance.py:2306} INFO - Starting attempt 3 of 4
[2026-03-11T00:21:20.536+0000] {taskinstance.py:2330} INFO - Executing <Task(PythonOperator): node8_dataset_approval> on 2026-03-11 00:00:32.108331+00:00
[2026-03-11T00:21:20.540+0000] {standard_task_runner.py:64} INFO - Started process 1314 to run task
[2026-03-11T00:21:20.544+0000] {standard_task_runner.py:90} INFO - Running: ['***', 'tasks', 'run', 'offline_translation_pipeline', 'node8_dataset_approval', 'manual__2026-03-11T00:00:32.108331+00:00', '--job-id', '28', '--raw', '--subdir', 'DAGS_FOLDER/offline_pipeline.py', '--cfg-path', '/tmp/tmpxl0cs7s8']
[2026-03-11T00:21:20.547+0000] {standard_task_runner.py:91} INFO - Job 28: Subtask node8_dataset_approval
[2026-03-11T00:21:20.788+0000] {task_command.py:426} INFO - Running <TaskInstance: offline_translation_pipeline.node8_dataset_approval manual__2026-03-11T00:00:32.108331+00:00 [running]> on host 1412c404c413
[2026-03-11T00:21:21.235+0000] {taskinstance.py:2648} INFO - Exporting env vars: AIRFLOW_CTX_DAG_OWNER='mlops' AIRFLOW_CTX_DAG_ID='offline_translation_pipeline' AIRFLOW_CTX_TASK_ID='node8_dataset_approval' AIRFLOW_CTX_EXECUTION_DATE='2026-03-11T00:00:32.108331+00:00' AIRFLOW_CTX_TRY_NUMBER='3' AIRFLOW_CTX_DAG_RUN_ID='manual__2026-03-11T00:00:32.108331+00:00'
[2026-03-11T00:21:21.236+0000] {taskinstance.py:430} INFO - ::endgroup::
[2026-03-11T00:21:21.257+0000] {logging_mixin.py:188} INFO - Counting records in splits...
[2026-03-11T00:21:25.852+0000] {logging_mixin.py:188} INFO - Dataset APPROVED:
[2026-03-11T00:21:25.853+0000] {logging_mixin.py:188} INFO - {
  "approved": true,
  "timestamp": "2026-03-11 00:21:25.850657",
  "train_records": 2123785,
  "val_records": 265473,
  "test_records": 265474,
  "version": "v2_approved"
}
[2026-03-11T00:21:25.853+0000] {logging_mixin.py:188} INFO - Node 8 complete.
[2026-03-11T00:21:25.854+0000] {python.py:237} INFO - Done. Returned value was: None
[2026-03-11T00:21:25.854+0000] {taskinstance.py:441} INFO - ::group::Post task execution logs
[2026-03-11T00:21:25.922+0000] {taskinstance.py:1206} INFO - Marking task as SUCCESS. dag_id=offline_translation_pipeline, task_id=node8_dataset_approval, run_id=manual__2026-03-11T00:00:32.108331+00:00, execution_date=20260311T000032, start_date=20260311T002120, end_date=20260311T002125
[2026-03-11T00:21:25.996+0000] {local_task_job_runner.py:243} INFO - Task exited with return code 0
[2026-03-11T00:21:26.118+0000] {taskinstance.py:3503} INFO - 1 downstream tasks scheduled from follow-on schedule check
[2026-03-11T00:21:26.121+0000] {local_task_job_runner.py:222} INFO - ::endgroup::
