[2026-03-19T01:48:53.610+0000] {local_task_job_runner.py:120} INFO - ::group::Pre task execution logs
[2026-03-19T01:48:53.742+0000] {taskinstance.py:2076} INFO - Dependencies all met for dep_context=non-requeueable deps ti=<TaskInstance: offline_translation_pipeline.node9b_dvc_push manual__2026-03-19T01:44:17.164880+00:00 [queued]>
[2026-03-19T01:48:53.760+0000] {taskinstance.py:2076} INFO - Dependencies all met for dep_context=requeueable deps ti=<TaskInstance: offline_translation_pipeline.node9b_dvc_push manual__2026-03-19T01:44:17.164880+00:00 [queued]>
[2026-03-19T01:48:53.761+0000] {taskinstance.py:2306} INFO - Starting attempt 1 of 2
[2026-03-19T01:48:53.794+0000] {taskinstance.py:2330} INFO - Executing <Task(PythonOperator): node9b_dvc_push> on 2026-03-19 01:44:17.164880+00:00
[2026-03-19T01:48:53.799+0000] {standard_task_runner.py:64} INFO - Started process 267 to run task
[2026-03-19T01:48:53.803+0000] {standard_task_runner.py:90} INFO - Running: ['***', 'tasks', 'run', 'offline_translation_pipeline', 'node9b_dvc_push', 'manual__2026-03-19T01:44:17.164880+00:00', '--job-id', '12', '--raw', '--subdir', 'DAGS_FOLDER/offline_pipeline.py', '--cfg-path', '/tmp/tmpxxgyo9ep']
[2026-03-19T01:48:53.805+0000] {standard_task_runner.py:91} INFO - Job 12: Subtask node9b_dvc_push
[2026-03-19T01:48:54.050+0000] {task_command.py:426} INFO - Running <TaskInstance: offline_translation_pipeline.node9b_dvc_push manual__2026-03-19T01:44:17.164880+00:00 [running]> on host 3b30bcd592c9
[2026-03-19T01:48:54.499+0000] {taskinstance.py:2648} INFO - Exporting env vars: AIRFLOW_CTX_DAG_OWNER='mlops' AIRFLOW_CTX_DAG_ID='offline_translation_pipeline' AIRFLOW_CTX_TASK_ID='node9b_dvc_push' AIRFLOW_CTX_EXECUTION_DATE='2026-03-19T01:44:17.164880+00:00' AIRFLOW_CTX_TRY_NUMBER='1' AIRFLOW_CTX_DAG_RUN_ID='manual__2026-03-19T01:44:17.164880+00:00'
[2026-03-19T01:48:54.500+0000] {taskinstance.py:430} INFO - ::endgroup::
[2026-03-19T01:48:54.535+0000] {logging_mixin.py:188} INFO - Node 9b — DVC Push
[2026-03-19T01:48:56.638+0000] {logging_mixin.py:188} INFO - DVC add data/raw warning: ERROR: you are not inside of a DVC repository (checked up to mount point '/')
[2026-03-19T01:48:58.063+0000] {logging_mixin.py:188} INFO - DVC add data/processed warning: ERROR: you are not inside of a DVC repository (checked up to mount point '/')
[2026-03-19T01:48:58.067+0000] {logging_mixin.py:188} INFO - Pushing all tracked data to GCS DVC remote...
[2026-03-19T01:48:59.498+0000] {logging_mixin.py:188} INFO - DVC push stdout: 
[2026-03-19T01:48:59.498+0000] {logging_mixin.py:188} INFO - DVC push warning (code 253): ERROR: you are not inside of a DVC repository (checked up to mount point '/')
[2026-03-19T01:48:59.499+0000] {logging_mixin.py:188} INFO - Continuing pipeline despite DVC push issue.
[2026-03-19T01:49:00.821+0000] {logging_mixin.py:188} INFO - DVC report saved to reports/dvc_report.json
[2026-03-19T01:49:00.822+0000] {logging_mixin.py:188} INFO - Node 9b complete.
[2026-03-19T01:49:00.822+0000] {python.py:237} INFO - Done. Returned value was: None
[2026-03-19T01:49:00.823+0000] {taskinstance.py:441} INFO - ::group::Post task execution logs
[2026-03-19T01:49:00.893+0000] {taskinstance.py:1206} INFO - Marking task as SUCCESS. dag_id=offline_translation_pipeline, task_id=node9b_dvc_push, run_id=manual__2026-03-19T01:44:17.164880+00:00, execution_date=20260319T014417, start_date=20260319T014853, end_date=20260319T014900
[2026-03-19T01:49:00.979+0000] {local_task_job_runner.py:243} INFO - Task exited with return code 0
[2026-03-19T01:49:01.078+0000] {taskinstance.py:3503} INFO - 1 downstream tasks scheduled from follow-on schedule check
[2026-03-19T01:49:01.082+0000] {local_task_job_runner.py:222} INFO - ::endgroup::
