[2026-03-11T16:55:30.712+0000] {local_task_job_runner.py:120} INFO - ::group::Pre task execution logs
[2026-03-11T16:55:30.952+0000] {taskinstance.py:2076} INFO - Dependencies all met for dep_context=non-requeueable deps ti=<TaskInstance: offline_translation_pipeline.node6_anomaly_detection manual__2026-03-11T16:54:59.463465+00:00 [queued]>
[2026-03-11T16:55:30.984+0000] {taskinstance.py:2076} INFO - Dependencies all met for dep_context=requeueable deps ti=<TaskInstance: offline_translation_pipeline.node6_anomaly_detection manual__2026-03-11T16:54:59.463465+00:00 [queued]>
[2026-03-11T16:55:30.985+0000] {taskinstance.py:2306} INFO - Starting attempt 1 of 2
[2026-03-11T16:55:31.048+0000] {taskinstance.py:2330} INFO - Executing <Task(PythonOperator): node6_anomaly_detection> on 2026-03-11 16:54:59.463465+00:00
[2026-03-11T16:55:31.056+0000] {standard_task_runner.py:64} INFO - Started process 225 to run task
[2026-03-11T16:55:31.062+0000] {standard_task_runner.py:90} INFO - Running: ['***', 'tasks', 'run', 'offline_translation_pipeline', 'node6_anomaly_detection', 'manual__2026-03-11T16:54:59.463465+00:00', '--job-id', '7', '--raw', '--subdir', 'DAGS_FOLDER/offline_pipeline.py', '--cfg-path', '/tmp/tmpjzc6795s']
[2026-03-11T16:55:31.067+0000] {standard_task_runner.py:91} INFO - Job 7: Subtask node6_anomaly_detection
[2026-03-11T16:55:31.340+0000] {task_command.py:426} INFO - Running <TaskInstance: offline_translation_pipeline.node6_anomaly_detection manual__2026-03-11T16:54:59.463465+00:00 [running]> on host fb695413c669
[2026-03-11T16:55:31.883+0000] {taskinstance.py:2648} INFO - Exporting env vars: AIRFLOW_CTX_DAG_OWNER='mlops' AIRFLOW_CTX_DAG_ID='offline_translation_pipeline' AIRFLOW_CTX_TASK_ID='node6_anomaly_detection' AIRFLOW_CTX_EXECUTION_DATE='2026-03-11T16:54:59.463465+00:00' AIRFLOW_CTX_TRY_NUMBER='1' AIRFLOW_CTX_DAG_RUN_ID='manual__2026-03-11T16:54:59.463465+00:00'
[2026-03-11T16:55:31.885+0000] {taskinstance.py:430} INFO - ::endgroup::
[2026-03-11T16:55:31.910+0000] {logging_mixin.py:188} INFO - Reading val.jsonl for anomaly detection...
[2026-03-11T16:55:34.645+0000] {logging_mixin.py:188} INFO - No anomalies detected. Validated 265473 records.
[2026-03-11T16:55:34.646+0000] {logging_mixin.py:188} INFO - Node 6 complete.
[2026-03-11T16:55:34.647+0000] {python.py:237} INFO - Done. Returned value was: None
[2026-03-11T16:55:34.648+0000] {taskinstance.py:441} INFO - ::group::Post task execution logs
[2026-03-11T16:55:34.725+0000] {taskinstance.py:1206} INFO - Marking task as SUCCESS. dag_id=offline_translation_pipeline, task_id=node6_anomaly_detection, run_id=manual__2026-03-11T16:54:59.463465+00:00, execution_date=20260311T165459, start_date=20260311T165530, end_date=20260311T165534
[2026-03-11T16:55:34.806+0000] {local_task_job_runner.py:243} INFO - Task exited with return code 0
[2026-03-11T16:55:34.938+0000] {taskinstance.py:3503} INFO - 0 downstream tasks scheduled from follow-on schedule check
[2026-03-11T16:55:34.941+0000] {local_task_job_runner.py:222} INFO - ::endgroup::
