[2026-03-19T02:21:33.069+0000] {local_task_job_runner.py:120} INFO - ::group::Pre task execution logs
[2026-03-19T02:21:33.174+0000] {taskinstance.py:2076} INFO - Dependencies all met for dep_context=non-requeueable deps ti=<TaskInstance: offline_translation_pipeline.node10_trigger_online_pipeline manual__2026-03-19T02:16:42.592505+00:00 [queued]>
[2026-03-19T02:21:33.192+0000] {taskinstance.py:2076} INFO - Dependencies all met for dep_context=requeueable deps ti=<TaskInstance: offline_translation_pipeline.node10_trigger_online_pipeline manual__2026-03-19T02:16:42.592505+00:00 [queued]>
[2026-03-19T02:21:33.192+0000] {taskinstance.py:2306} INFO - Starting attempt 1 of 2
[2026-03-19T02:21:33.224+0000] {taskinstance.py:2330} INFO - Executing <Task(PythonOperator): node10_trigger_online_pipeline> on 2026-03-19 02:16:42.592505+00:00
[2026-03-19T02:21:33.228+0000] {standard_task_runner.py:64} INFO - Started process 330 to run task
[2026-03-19T02:21:33.232+0000] {standard_task_runner.py:90} INFO - Running: ['***', 'tasks', 'run', 'offline_translation_pipeline', 'node10_trigger_online_pipeline', 'manual__2026-03-19T02:16:42.592505+00:00', '--job-id', '14', '--raw', '--subdir', 'DAGS_FOLDER/offline_pipeline.py', '--cfg-path', '/tmp/tmpc6fs2gkv']
[2026-03-19T02:21:33.234+0000] {standard_task_runner.py:91} INFO - Job 14: Subtask node10_trigger_online_pipeline
[2026-03-19T02:21:33.450+0000] {task_command.py:426} INFO - Running <TaskInstance: offline_translation_pipeline.node10_trigger_online_pipeline manual__2026-03-19T02:16:42.592505+00:00 [running]> on host d76d5a4e5605
[2026-03-19T02:21:33.857+0000] {taskinstance.py:2648} INFO - Exporting env vars: AIRFLOW_CTX_DAG_OWNER='mlops' AIRFLOW_CTX_DAG_ID='offline_translation_pipeline' AIRFLOW_CTX_TASK_ID='node10_trigger_online_pipeline' AIRFLOW_CTX_EXECUTION_DATE='2026-03-19T02:16:42.592505+00:00' AIRFLOW_CTX_TRY_NUMBER='1' AIRFLOW_CTX_DAG_RUN_ID='manual__2026-03-19T02:16:42.592505+00:00'
[2026-03-19T02:21:33.858+0000] {taskinstance.py:430} INFO - ::endgroup::
[2026-03-19T02:21:33.877+0000] {logging_mixin.py:188} INFO - Trigger payload ready for Phase 2:
[2026-03-19T02:21:33.877+0000] {logging_mixin.py:188} INFO - {
  "gcs_train": "gs://translation-training-data/datasets/v2_approved/train.json",
  "gcs_val": "gs://translation-training-data/datasets/v2_approved/val.json",
  "gcs_schema": "gs://translation-training-data/datasets/v2_approved/schema.json",
  "dataset_version": "v2_approved",
  "train_records": 2123785
}
[2026-03-19T02:21:33.878+0000] {logging_mixin.py:188} INFO - Node 10 complete. Offline pipeline finished.
[2026-03-19T02:21:33.878+0000] {python.py:237} INFO - Done. Returned value was: None
[2026-03-19T02:21:33.878+0000] {taskinstance.py:441} INFO - ::group::Post task execution logs
[2026-03-19T02:21:33.943+0000] {taskinstance.py:1206} INFO - Marking task as SUCCESS. dag_id=offline_translation_pipeline, task_id=node10_trigger_online_pipeline, run_id=manual__2026-03-19T02:16:42.592505+00:00, execution_date=20260319T021642, start_date=20260319T022133, end_date=20260319T022133
[2026-03-19T02:21:34.000+0000] {local_task_job_runner.py:243} INFO - Task exited with return code 0
[2026-03-19T02:21:34.079+0000] {taskinstance.py:3503} INFO - 0 downstream tasks scheduled from follow-on schedule check
[2026-03-19T02:21:34.083+0000] {local_task_job_runner.py:222} INFO - ::endgroup::
