[2026-03-18T17:34:42.886+0000] {local_task_job_runner.py:120} INFO - ::group::Pre task execution logs
[2026-03-18T17:34:43.029+0000] {taskinstance.py:2076} INFO - Dependencies all met for dep_context=non-requeueable deps ti=<TaskInstance: offline_translation_pipeline.node7_dataset_slicing manual__2026-03-18T17:30:22.249493+00:00 [queued]>
[2026-03-18T17:34:43.050+0000] {taskinstance.py:2076} INFO - Dependencies all met for dep_context=requeueable deps ti=<TaskInstance: offline_translation_pipeline.node7_dataset_slicing manual__2026-03-18T17:30:22.249493+00:00 [queued]>
[2026-03-18T17:34:43.051+0000] {taskinstance.py:2306} INFO - Starting attempt 1 of 2
[2026-03-18T17:34:43.085+0000] {taskinstance.py:2330} INFO - Executing <Task(PythonOperator): node7_dataset_slicing> on 2026-03-18 17:30:22.249493+00:00
[2026-03-18T17:34:43.090+0000] {standard_task_runner.py:64} INFO - Started process 302 to run task
[2026-03-18T17:34:43.095+0000] {standard_task_runner.py:90} INFO - Running: ['***', 'tasks', 'run', 'offline_translation_pipeline', 'node7_dataset_slicing', 'manual__2026-03-18T17:30:22.249493+00:00', '--job-id', '8', '--raw', '--subdir', 'DAGS_FOLDER/offline_pipeline.py', '--cfg-path', '/tmp/tmpytd3wwbs']
[2026-03-18T17:34:43.099+0000] {standard_task_runner.py:91} INFO - Job 8: Subtask node7_dataset_slicing
[2026-03-18T17:34:43.368+0000] {task_command.py:426} INFO - Running <TaskInstance: offline_translation_pipeline.node7_dataset_slicing manual__2026-03-18T17:30:22.249493+00:00 [running]> on host b3297fa56597
[2026-03-18T17:34:44.399+0000] {taskinstance.py:2648} INFO - Exporting env vars: AIRFLOW_CTX_DAG_OWNER='mlops' AIRFLOW_CTX_DAG_ID='offline_translation_pipeline' AIRFLOW_CTX_TASK_ID='node7_dataset_slicing' AIRFLOW_CTX_EXECUTION_DATE='2026-03-18T17:30:22.249493+00:00' AIRFLOW_CTX_TRY_NUMBER='1' AIRFLOW_CTX_DAG_RUN_ID='manual__2026-03-18T17:30:22.249493+00:00'
[2026-03-18T17:34:44.427+0000] {taskinstance.py:430} INFO - ::endgroup::
[2026-03-18T17:34:44.651+0000] {logging_mixin.py:188} INFO - Reading test.jsonl for slicing...
[2026-03-18T17:34:51.543+0000] {logging_mixin.py:188} INFO - Slice [medical]: 158075 records → /opt/***/data/processed/slices/medical.jsonl
[2026-03-18T17:34:54.187+0000] {logging_mixin.py:188} INFO - Slice [legal]: 107399 records → /opt/***/data/processed/slices/legal.jsonl
[2026-03-18T17:34:56.487+0000] {logging_mixin.py:188} INFO - Slice [en_to_es]: 132921 records → /opt/***/data/processed/slices/en_to_es.jsonl
[2026-03-18T17:34:58.756+0000] {logging_mixin.py:188} INFO - Slice [es_to_en]: 132553 records → /opt/***/data/processed/slices/es_to_en.jsonl
[2026-03-18T17:35:00.698+0000] {logging_mixin.py:188} INFO - Slice [short_sents]: 147389 records → /opt/***/data/processed/slices/short_sents.jsonl
[2026-03-18T17:35:02.065+0000] {logging_mixin.py:188} INFO - Slice [long_sents]: 48927 records → /opt/***/data/processed/slices/long_sents.jsonl
[2026-03-18T17:35:02.069+0000] {logging_mixin.py:188} INFO - Node 7 complete.
[2026-03-18T17:35:02.490+0000] {python.py:237} INFO - Done. Returned value was: None
[2026-03-18T17:35:02.493+0000] {taskinstance.py:441} INFO - ::group::Post task execution logs
[2026-03-18T17:35:02.600+0000] {taskinstance.py:1206} INFO - Marking task as SUCCESS. dag_id=offline_translation_pipeline, task_id=node7_dataset_slicing, run_id=manual__2026-03-18T17:30:22.249493+00:00, execution_date=20260318T173022, start_date=20260318T173443, end_date=20260318T173502
[2026-03-18T17:35:02.703+0000] {local_task_job_runner.py:243} INFO - Task exited with return code 0
[2026-03-18T17:35:02.858+0000] {taskinstance.py:3503} INFO - 1 downstream tasks scheduled from follow-on schedule check
[2026-03-18T17:35:02.863+0000] {local_task_job_runner.py:222} INFO - ::endgroup::
