[2026-03-19T01:49:02.407+0000] {local_task_job_runner.py:120} INFO - ::group::Pre task execution logs
[2026-03-19T01:49:02.515+0000] {taskinstance.py:2076} INFO - Dependencies all met for dep_context=non-requeueable deps ti=<TaskInstance: offline_translation_pipeline.node10_trigger_online_pipeline manual__2026-03-19T01:44:17.164880+00:00 [queued]>
[2026-03-19T01:49:02.533+0000] {taskinstance.py:2076} INFO - Dependencies all met for dep_context=requeueable deps ti=<TaskInstance: offline_translation_pipeline.node10_trigger_online_pipeline manual__2026-03-19T01:44:17.164880+00:00 [queued]>
[2026-03-19T01:49:02.534+0000] {taskinstance.py:2306} INFO - Starting attempt 1 of 2
[2026-03-19T01:49:02.566+0000] {taskinstance.py:2330} INFO - Executing <Task(PythonOperator): node10_trigger_online_pipeline> on 2026-03-19 01:44:17.164880+00:00
[2026-03-19T01:49:02.572+0000] {standard_task_runner.py:64} INFO - Started process 354 to run task
[2026-03-19T01:49:02.577+0000] {standard_task_runner.py:90} INFO - Running: ['***', 'tasks', 'run', 'offline_translation_pipeline', 'node10_trigger_online_pipeline', 'manual__2026-03-19T01:44:17.164880+00:00', '--job-id', '13', '--raw', '--subdir', 'DAGS_FOLDER/offline_pipeline.py', '--cfg-path', '/tmp/tmpzcjy03vq']
[2026-03-19T01:49:02.580+0000] {standard_task_runner.py:91} INFO - Job 13: Subtask node10_trigger_online_pipeline
[2026-03-19T01:49:02.811+0000] {task_command.py:426} INFO - Running <TaskInstance: offline_translation_pipeline.node10_trigger_online_pipeline manual__2026-03-19T01:44:17.164880+00:00 [running]> on host 3b30bcd592c9
[2026-03-19T01:49:03.219+0000] {taskinstance.py:2648} INFO - Exporting env vars: AIRFLOW_CTX_DAG_OWNER='mlops' AIRFLOW_CTX_DAG_ID='offline_translation_pipeline' AIRFLOW_CTX_TASK_ID='node10_trigger_online_pipeline' AIRFLOW_CTX_EXECUTION_DATE='2026-03-19T01:44:17.164880+00:00' AIRFLOW_CTX_TRY_NUMBER='1' AIRFLOW_CTX_DAG_RUN_ID='manual__2026-03-19T01:44:17.164880+00:00'
[2026-03-19T01:49:03.220+0000] {taskinstance.py:430} INFO - ::endgroup::
[2026-03-19T01:49:03.238+0000] {logging_mixin.py:188} INFO - Trigger payload ready for Phase 2:
[2026-03-19T01:49:03.238+0000] {logging_mixin.py:188} INFO - {
  "gcs_train": "gs://translation-training-data/datasets/v2_approved/train.json",
  "gcs_val": "gs://translation-training-data/datasets/v2_approved/val.json",
  "gcs_schema": "gs://translation-training-data/datasets/v2_approved/schema.json",
  "dataset_version": "v2_approved",
  "train_records": 2123785
}
[2026-03-19T01:49:03.238+0000] {logging_mixin.py:188} INFO - Node 10 complete. Offline pipeline finished.
[2026-03-19T01:49:03.238+0000] {python.py:237} INFO - Done. Returned value was: None
[2026-03-19T01:49:03.239+0000] {taskinstance.py:441} INFO - ::group::Post task execution logs
[2026-03-19T01:49:03.306+0000] {taskinstance.py:1206} INFO - Marking task as SUCCESS. dag_id=offline_translation_pipeline, task_id=node10_trigger_online_pipeline, run_id=manual__2026-03-19T01:44:17.164880+00:00, execution_date=20260319T014417, start_date=20260319T014902, end_date=20260319T014903
[2026-03-19T01:49:03.395+0000] {local_task_job_runner.py:243} INFO - Task exited with return code 0
[2026-03-19T01:49:03.479+0000] {taskinstance.py:3503} INFO - 0 downstream tasks scheduled from follow-on schedule check
[2026-03-19T01:49:03.482+0000] {local_task_job_runner.py:222} INFO - ::endgroup::
