[2026-03-11T00:12:12.958+0000] {local_task_job_runner.py:120} INFO - ::group::Pre task execution logs
[2026-03-11T00:12:13.101+0000] {taskinstance.py:2076} INFO - Dependencies all met for dep_context=non-requeueable deps ti=<TaskInstance: offline_translation_pipeline.node4_ge_statistics manual__2026-03-11T00:00:32.108331+00:00 [queued]>
[2026-03-11T00:12:13.128+0000] {taskinstance.py:2076} INFO - Dependencies all met for dep_context=requeueable deps ti=<TaskInstance: offline_translation_pipeline.node4_ge_statistics manual__2026-03-11T00:00:32.108331+00:00 [queued]>
[2026-03-11T00:12:13.129+0000] {taskinstance.py:2306} INFO - Starting attempt 4 of 5
[2026-03-11T00:12:13.173+0000] {taskinstance.py:2330} INFO - Executing <Task(PythonOperator): node4_ge_statistics> on 2026-03-11 00:00:32.108331+00:00
[2026-03-11T00:12:13.182+0000] {standard_task_runner.py:64} INFO - Started process 1204 to run task
[2026-03-11T00:12:13.191+0000] {standard_task_runner.py:90} INFO - Running: ['***', 'tasks', 'run', 'offline_translation_pipeline', 'node4_ge_statistics', 'manual__2026-03-11T00:00:32.108331+00:00', '--job-id', '20', '--raw', '--subdir', 'DAGS_FOLDER/offline_pipeline.py', '--cfg-path', '/tmp/tmpcebjywoo']
[2026-03-11T00:12:13.196+0000] {standard_task_runner.py:91} INFO - Job 20: Subtask node4_ge_statistics
[2026-03-11T00:12:13.503+0000] {task_command.py:426} INFO - Running <TaskInstance: offline_translation_pipeline.node4_ge_statistics manual__2026-03-11T00:00:32.108331+00:00 [running]> on host 1412c404c413
[2026-03-11T00:12:13.984+0000] {taskinstance.py:2648} INFO - Exporting env vars: AIRFLOW_CTX_DAG_OWNER='mlops' AIRFLOW_CTX_DAG_ID='offline_translation_pipeline' AIRFLOW_CTX_TASK_ID='node4_ge_statistics' AIRFLOW_CTX_EXECUTION_DATE='2026-03-11T00:00:32.108331+00:00' AIRFLOW_CTX_TRY_NUMBER='4' AIRFLOW_CTX_DAG_RUN_ID='manual__2026-03-11T00:00:32.108331+00:00'
[2026-03-11T00:12:13.985+0000] {taskinstance.py:430} INFO - ::endgroup::
[2026-03-11T00:12:14.007+0000] {logging_mixin.py:188} INFO - Reading train.jsonl line by line...
[2026-03-11T00:12:15.156+0000] {logging_mixin.py:188} INFO - Processed 100000 records...
[2026-03-11T00:12:16.284+0000] {logging_mixin.py:188} INFO - Processed 200000 records...
[2026-03-11T00:12:17.399+0000] {logging_mixin.py:188} INFO - Processed 300000 records...
[2026-03-11T00:12:18.540+0000] {logging_mixin.py:188} INFO - Processed 400000 records...
[2026-03-11T00:12:19.707+0000] {logging_mixin.py:188} INFO - Processed 500000 records...
[2026-03-11T00:12:20.909+0000] {logging_mixin.py:188} INFO - Processed 600000 records...
[2026-03-11T00:12:22.024+0000] {logging_mixin.py:188} INFO - Processed 700000 records...
[2026-03-11T00:12:23.086+0000] {logging_mixin.py:188} INFO - Processed 800000 records...
[2026-03-11T00:12:24.202+0000] {logging_mixin.py:188} INFO - Processed 900000 records...
[2026-03-11T00:12:25.300+0000] {logging_mixin.py:188} INFO - Processed 1000000 records...
[2026-03-11T00:12:26.365+0000] {logging_mixin.py:188} INFO - Processed 1100000 records...
[2026-03-11T00:12:27.466+0000] {logging_mixin.py:188} INFO - Processed 1200000 records...
[2026-03-11T00:12:28.650+0000] {logging_mixin.py:188} INFO - Processed 1300000 records...
[2026-03-11T00:12:29.742+0000] {logging_mixin.py:188} INFO - Processed 1400000 records...
[2026-03-11T00:12:30.841+0000] {logging_mixin.py:188} INFO - Processed 1500000 records...
[2026-03-11T00:12:31.939+0000] {logging_mixin.py:188} INFO - Processed 1600000 records...
[2026-03-11T00:12:33.017+0000] {logging_mixin.py:188} INFO - Processed 1700000 records...
[2026-03-11T00:12:34.096+0000] {logging_mixin.py:188} INFO - Processed 1800000 records...
[2026-03-11T00:12:35.212+0000] {logging_mixin.py:188} INFO - Processed 1900000 records...
[2026-03-11T00:12:36.269+0000] {logging_mixin.py:188} INFO - Processed 2000000 records...
[2026-03-11T00:12:37.333+0000] {logging_mixin.py:188} INFO - Processed 2100000 records...
[2026-03-11T00:12:37.852+0000] {logging_mixin.py:188} INFO - Stats written to reports/tfdv_stats_summary.json
[2026-03-11T00:12:37.854+0000] {logging_mixin.py:188} INFO - {
  "total_records": 2123785,
  "domain_distribution": {
    "medical": 1262996,
    "legal": 860789
  },
  "direction_distribution": {
    "es_to_en": 1062636,
    "en_to_es": 1061149
  },
  "input_len_mean": 18.45,
  "input_len_max": 200,
  "input_len_min": 3,
  "output_len_mean": 18.45,
  "output_len_max": 200,
  "null_input_count": 0,
  "null_output_count": 0
}
[2026-03-11T00:12:37.855+0000] {logging_mixin.py:188} INFO - Node 4 complete.
[2026-03-11T00:12:37.864+0000] {python.py:237} INFO - Done. Returned value was: None
[2026-03-11T00:12:37.868+0000] {taskinstance.py:441} INFO - ::group::Post task execution logs
[2026-03-11T00:12:37.947+0000] {taskinstance.py:1206} INFO - Marking task as SUCCESS. dag_id=offline_translation_pipeline, task_id=node4_ge_statistics, run_id=manual__2026-03-11T00:00:32.108331+00:00, execution_date=20260311T000032, start_date=20260311T001213, end_date=20260311T001237
[2026-03-11T00:12:38.039+0000] {local_task_job_runner.py:243} INFO - Task exited with return code 0
[2026-03-11T00:12:38.195+0000] {taskinstance.py:3503} INFO - 1 downstream tasks scheduled from follow-on schedule check
[2026-03-11T00:12:38.199+0000] {local_task_job_runner.py:222} INFO - ::endgroup::
