[2026-03-19T02:16:43.952+0000] {local_task_job_runner.py:120} INFO - ::group::Pre task execution logs
[2026-03-19T02:16:44.090+0000] {taskinstance.py:2076} INFO - Dependencies all met for dep_context=non-requeueable deps ti=<TaskInstance: offline_translation_pipeline.node0_dvc_pull_or_download manual__2026-03-19T02:16:42.592505+00:00 [queued]>
[2026-03-19T02:16:44.112+0000] {taskinstance.py:2076} INFO - Dependencies all met for dep_context=requeueable deps ti=<TaskInstance: offline_translation_pipeline.node0_dvc_pull_or_download manual__2026-03-19T02:16:42.592505+00:00 [queued]>
[2026-03-19T02:16:44.112+0000] {taskinstance.py:2306} INFO - Starting attempt 1 of 2
[2026-03-19T02:16:44.148+0000] {taskinstance.py:2330} INFO - Executing <Task(PythonOperator): node0_dvc_pull_or_download> on 2026-03-19 02:16:42.592505+00:00
[2026-03-19T02:16:44.160+0000] {standard_task_runner.py:64} INFO - Started process 182 to run task
[2026-03-19T02:16:44.162+0000] {standard_task_runner.py:90} INFO - Running: ['***', 'tasks', 'run', 'offline_translation_pipeline', 'node0_dvc_pull_or_download', 'manual__2026-03-19T02:16:42.592505+00:00', '--job-id', '2', '--raw', '--subdir', 'DAGS_FOLDER/offline_pipeline.py', '--cfg-path', '/tmp/tmpyfcxdzwm']
[2026-03-19T02:16:44.166+0000] {standard_task_runner.py:91} INFO - Job 2: Subtask node0_dvc_pull_or_download
[2026-03-19T02:16:44.440+0000] {task_command.py:426} INFO - Running <TaskInstance: offline_translation_pipeline.node0_dvc_pull_or_download manual__2026-03-19T02:16:42.592505+00:00 [running]> on host d76d5a4e5605
[2026-03-19T02:16:44.905+0000] {taskinstance.py:2648} INFO - Exporting env vars: AIRFLOW_CTX_DAG_OWNER='mlops' AIRFLOW_CTX_DAG_ID='offline_translation_pipeline' AIRFLOW_CTX_TASK_ID='node0_dvc_pull_or_download' AIRFLOW_CTX_EXECUTION_DATE='2026-03-19T02:16:42.592505+00:00' AIRFLOW_CTX_TRY_NUMBER='1' AIRFLOW_CTX_DAG_RUN_ID='manual__2026-03-19T02:16:42.592505+00:00'
[2026-03-19T02:16:44.906+0000] {taskinstance.py:430} INFO - ::endgroup::
[2026-03-19T02:16:44.957+0000] {logging_mixin.py:188} INFO - Node 0 — DVC Pull or Download
[2026-03-19T02:16:44.959+0000] {logging_mixin.py:188} INFO - Found existing raw data: ['emea_medical', 'europarl_legal']
[2026-03-19T02:16:44.959+0000] {logging_mixin.py:188} INFO - Raw data already exists locally. Skipping pull.
[2026-03-19T02:16:44.959+0000] {python.py:237} INFO - Done. Returned value was: None
[2026-03-19T02:16:44.960+0000] {taskinstance.py:441} INFO - ::group::Post task execution logs
[2026-03-19T02:16:45.026+0000] {taskinstance.py:1206} INFO - Marking task as SUCCESS. dag_id=offline_translation_pipeline, task_id=node0_dvc_pull_or_download, run_id=manual__2026-03-19T02:16:42.592505+00:00, execution_date=20260319T021642, start_date=20260319T021644, end_date=20260319T021645
[2026-03-19T02:16:45.092+0000] {local_task_job_runner.py:243} INFO - Task exited with return code 0
[2026-03-19T02:16:45.208+0000] {taskinstance.py:3503} INFO - 1 downstream tasks scheduled from follow-on schedule check
[2026-03-19T02:16:45.212+0000] {local_task_job_runner.py:222} INFO - ::endgroup::
