[2026-03-19T02:17:35.435+0000] {local_task_job_runner.py:120} INFO - ::group::Pre task execution logs
[2026-03-19T02:17:35.571+0000] {taskinstance.py:2076} INFO - Dependencies all met for dep_context=non-requeueable deps ti=<TaskInstance: offline_translation_pipeline.node4_ge_statistics manual__2026-03-19T02:16:42.592505+00:00 [queued]>
[2026-03-19T02:17:35.598+0000] {taskinstance.py:2076} INFO - Dependencies all met for dep_context=requeueable deps ti=<TaskInstance: offline_translation_pipeline.node4_ge_statistics manual__2026-03-19T02:16:42.592505+00:00 [queued]>
[2026-03-19T02:17:35.599+0000] {taskinstance.py:2306} INFO - Starting attempt 1 of 2
[2026-03-19T02:17:35.635+0000] {taskinstance.py:2330} INFO - Executing <Task(PythonOperator): node4_ge_statistics> on 2026-03-19 02:16:42.592505+00:00
[2026-03-19T02:17:35.640+0000] {standard_task_runner.py:64} INFO - Started process 215 to run task
[2026-03-19T02:17:35.644+0000] {standard_task_runner.py:90} INFO - Running: ['***', 'tasks', 'run', 'offline_translation_pipeline', 'node4_ge_statistics', 'manual__2026-03-19T02:16:42.592505+00:00', '--job-id', '6', '--raw', '--subdir', 'DAGS_FOLDER/offline_pipeline.py', '--cfg-path', '/tmp/tmpubm9y3ry']
[2026-03-19T02:17:35.647+0000] {standard_task_runner.py:91} INFO - Job 6: Subtask node4_ge_statistics
[2026-03-19T02:17:35.914+0000] {task_command.py:426} INFO - Running <TaskInstance: offline_translation_pipeline.node4_ge_statistics manual__2026-03-19T02:16:42.592505+00:00 [running]> on host d76d5a4e5605
[2026-03-19T02:17:36.431+0000] {taskinstance.py:2648} INFO - Exporting env vars: AIRFLOW_CTX_DAG_OWNER='mlops' AIRFLOW_CTX_DAG_ID='offline_translation_pipeline' AIRFLOW_CTX_TASK_ID='node4_ge_statistics' AIRFLOW_CTX_EXECUTION_DATE='2026-03-19T02:16:42.592505+00:00' AIRFLOW_CTX_TRY_NUMBER='1' AIRFLOW_CTX_DAG_RUN_ID='manual__2026-03-19T02:16:42.592505+00:00'
[2026-03-19T02:17:36.434+0000] {taskinstance.py:430} INFO - ::endgroup::
[2026-03-19T02:17:36.457+0000] {logging_mixin.py:188} INFO - Reading train.jsonl line by line...
[2026-03-19T02:17:37.842+0000] {logging_mixin.py:188} INFO - Processed 100000 records...
[2026-03-19T02:17:39.330+0000] {logging_mixin.py:188} INFO - Processed 200000 records...
[2026-03-19T02:17:41.111+0000] {logging_mixin.py:188} INFO - Processed 300000 records...
[2026-03-19T02:17:42.713+0000] {logging_mixin.py:188} INFO - Processed 400000 records...
[2026-03-19T02:17:44.420+0000] {logging_mixin.py:188} INFO - Processed 500000 records...
[2026-03-19T02:17:46.278+0000] {logging_mixin.py:188} INFO - Processed 600000 records...
[2026-03-19T02:17:47.575+0000] {logging_mixin.py:188} INFO - Processed 700000 records...
[2026-03-19T02:17:48.729+0000] {logging_mixin.py:188} INFO - Processed 800000 records...
[2026-03-19T02:17:50.178+0000] {logging_mixin.py:188} INFO - Processed 900000 records...
[2026-03-19T02:17:51.320+0000] {local_task_job_runner.py:313} WARNING - State of this instance has been externally set to success. Terminating instance.
[2026-03-19T02:17:51.321+0000] {local_task_job_runner.py:222} INFO - ::endgroup::
[2026-03-19T02:17:51.325+0000] {process_utils.py:132} INFO - Sending 15 to group 215. PIDs of all processes in the group: [215]
[2026-03-19T02:17:51.325+0000] {process_utils.py:87} INFO - Sending the signal 15 to group 215
[2026-03-19T02:17:51.328+0000] {taskinstance.py:2611} ERROR - Received SIGTERM. Terminating subprocesses.
[2026-03-19T02:17:51.330+0000] {taskinstance.py:441} INFO - ::group::Post task execution logs
[2026-03-19T02:17:51.512+0000] {process_utils.py:80} INFO - Process psutil.Process(pid=215, status='terminated', exitcode=0, started='02:17:34') (215) terminated with exit code 0
