[2026-03-19T02:17:43.418+0000] {local_task_job_runner.py:120} INFO - ::group::Pre task execution logs
[2026-03-19T02:17:43.572+0000] {taskinstance.py:2076} INFO - Dependencies all met for dep_context=non-requeueable deps ti=<TaskInstance: offline_translation_pipeline.node5_schema_inference manual__2026-03-19T02:16:42.592505+00:00 [queued]>
[2026-03-19T02:17:43.601+0000] {taskinstance.py:2076} INFO - Dependencies all met for dep_context=requeueable deps ti=<TaskInstance: offline_translation_pipeline.node5_schema_inference manual__2026-03-19T02:16:42.592505+00:00 [queued]>
[2026-03-19T02:17:43.602+0000] {taskinstance.py:2306} INFO - Starting attempt 1 of 2
[2026-03-19T02:17:43.663+0000] {taskinstance.py:2330} INFO - Executing <Task(PythonOperator): node5_schema_inference> on 2026-03-19 02:16:42.592505+00:00
[2026-03-19T02:17:43.670+0000] {standard_task_runner.py:64} INFO - Started process 217 to run task
[2026-03-19T02:17:43.677+0000] {standard_task_runner.py:90} INFO - Running: ['***', 'tasks', 'run', 'offline_translation_pipeline', 'node5_schema_inference', 'manual__2026-03-19T02:16:42.592505+00:00', '--job-id', '7', '--raw', '--subdir', 'DAGS_FOLDER/offline_pipeline.py', '--cfg-path', '/tmp/tmp3mi7uyxn']
[2026-03-19T02:17:43.682+0000] {standard_task_runner.py:91} INFO - Job 7: Subtask node5_schema_inference
[2026-03-19T02:17:43.943+0000] {task_command.py:426} INFO - Running <TaskInstance: offline_translation_pipeline.node5_schema_inference manual__2026-03-19T02:16:42.592505+00:00 [running]> on host d76d5a4e5605
[2026-03-19T02:17:44.516+0000] {taskinstance.py:2648} INFO - Exporting env vars: AIRFLOW_CTX_DAG_OWNER='mlops' AIRFLOW_CTX_DAG_ID='offline_translation_pipeline' AIRFLOW_CTX_TASK_ID='node5_schema_inference' AIRFLOW_CTX_EXECUTION_DATE='2026-03-19T02:16:42.592505+00:00' AIRFLOW_CTX_TRY_NUMBER='1' AIRFLOW_CTX_DAG_RUN_ID='manual__2026-03-19T02:16:42.592505+00:00'
[2026-03-19T02:17:44.518+0000] {taskinstance.py:430} INFO - ::endgroup::
[2026-03-19T02:17:44.548+0000] {logging_mixin.py:188} INFO - Schema loaded from reports/schema.json
[2026-03-19T02:17:44.549+0000] {logging_mixin.py:188} INFO - {
  "required_fields": [
    "instruction",
    "input",
    "output",
    "domain",
    "direction"
  ],
  "valid_domains": [
    "medical",
    "legal"
  ],
  "valid_directions": [
    "en_to_es",
    "es_to_en"
  ],
  "total_records": 2123785,
  "null_counts": {
    "input": 0,
    "output": 0
  },
  "input_len_stats": {
    "mean": 18.45,
    "max": 200,
    "min": 3
  }
}
[2026-03-19T02:17:44.550+0000] {logging_mixin.py:188} INFO - Node 5 complete.
[2026-03-19T02:17:44.550+0000] {python.py:237} INFO - Done. Returned value was: None
[2026-03-19T02:17:44.551+0000] {taskinstance.py:441} INFO - ::group::Post task execution logs
[2026-03-19T02:17:44.638+0000] {taskinstance.py:1206} INFO - Marking task as SUCCESS. dag_id=offline_translation_pipeline, task_id=node5_schema_inference, run_id=manual__2026-03-19T02:16:42.592505+00:00, execution_date=20260319T021642, start_date=20260319T021743, end_date=20260319T021744
[2026-03-19T02:17:44.700+0000] {local_task_job_runner.py:243} INFO - Task exited with return code 0
[2026-03-19T02:17:44.861+0000] {taskinstance.py:3503} INFO - 1 downstream tasks scheduled from follow-on schedule check
[2026-03-19T02:17:44.868+0000] {local_task_job_runner.py:222} INFO - ::endgroup::
