[2026-03-11T16:55:45.517+0000] {local_task_job_runner.py:120} INFO - ::group::Pre task execution logs
[2026-03-11T16:55:45.645+0000] {taskinstance.py:2076} INFO - Dependencies all met for dep_context=non-requeueable deps ti=<TaskInstance: offline_translation_pipeline.node8_dataset_approval manual__2026-03-11T16:54:59.463465+00:00 [queued]>
[2026-03-11T16:55:45.665+0000] {taskinstance.py:2076} INFO - Dependencies all met for dep_context=requeueable deps ti=<TaskInstance: offline_translation_pipeline.node8_dataset_approval manual__2026-03-11T16:54:59.463465+00:00 [queued]>
[2026-03-11T16:55:45.666+0000] {taskinstance.py:2306} INFO - Starting attempt 1 of 2
[2026-03-11T16:55:45.704+0000] {taskinstance.py:2330} INFO - Executing <Task(PythonOperator): node8_dataset_approval> on 2026-03-11 16:54:59.463465+00:00
[2026-03-11T16:55:45.712+0000] {standard_task_runner.py:64} INFO - Started process 229 to run task
[2026-03-11T16:55:45.717+0000] {standard_task_runner.py:90} INFO - Running: ['***', 'tasks', 'run', 'offline_translation_pipeline', 'node8_dataset_approval', 'manual__2026-03-11T16:54:59.463465+00:00', '--job-id', '9', '--raw', '--subdir', 'DAGS_FOLDER/offline_pipeline.py', '--cfg-path', '/tmp/tmp42nf46in']
[2026-03-11T16:55:45.721+0000] {standard_task_runner.py:91} INFO - Job 9: Subtask node8_dataset_approval
[2026-03-11T16:55:45.966+0000] {task_command.py:426} INFO - Running <TaskInstance: offline_translation_pipeline.node8_dataset_approval manual__2026-03-11T16:54:59.463465+00:00 [running]> on host fb695413c669
[2026-03-11T16:55:46.386+0000] {taskinstance.py:2648} INFO - Exporting env vars: AIRFLOW_CTX_DAG_OWNER='mlops' AIRFLOW_CTX_DAG_ID='offline_translation_pipeline' AIRFLOW_CTX_TASK_ID='node8_dataset_approval' AIRFLOW_CTX_EXECUTION_DATE='2026-03-11T16:54:59.463465+00:00' AIRFLOW_CTX_TRY_NUMBER='1' AIRFLOW_CTX_DAG_RUN_ID='manual__2026-03-11T16:54:59.463465+00:00'
[2026-03-11T16:55:46.387+0000] {taskinstance.py:430} INFO - ::endgroup::
[2026-03-11T16:55:46.408+0000] {logging_mixin.py:188} INFO - Counting records in splits...
[2026-03-11T16:55:51.258+0000] {logging_mixin.py:188} INFO - Dataset APPROVED:
[2026-03-11T16:55:51.260+0000] {logging_mixin.py:188} INFO - {
  "approved": true,
  "timestamp": "2026-03-11 16:55:51.256433",
  "train_records": 2123785,
  "val_records": 265473,
  "test_records": 265474,
  "version": "v2_approved"
}
[2026-03-11T16:55:51.261+0000] {logging_mixin.py:188} INFO - Node 8 complete.
[2026-03-11T16:55:51.261+0000] {python.py:237} INFO - Done. Returned value was: None
[2026-03-11T16:55:51.264+0000] {taskinstance.py:441} INFO - ::group::Post task execution logs
[2026-03-11T16:55:51.351+0000] {taskinstance.py:1206} INFO - Marking task as SUCCESS. dag_id=offline_translation_pipeline, task_id=node8_dataset_approval, run_id=manual__2026-03-11T16:54:59.463465+00:00, execution_date=20260311T165459, start_date=20260311T165545, end_date=20260311T165551
[2026-03-11T16:55:51.455+0000] {local_task_job_runner.py:243} INFO - Task exited with return code 0
[2026-03-11T16:55:51.587+0000] {taskinstance.py:3503} INFO - 1 downstream tasks scheduled from follow-on schedule check
[2026-03-11T16:55:51.591+0000] {local_task_job_runner.py:222} INFO - ::endgroup::
