[2026-03-11T16:55:21.915+0000] {local_task_job_runner.py:120} INFO - ::group::Pre task execution logs
[2026-03-11T16:55:22.050+0000] {taskinstance.py:2076} INFO - Dependencies all met for dep_context=non-requeueable deps ti=<TaskInstance: offline_translation_pipeline.node4_ge_statistics manual__2026-03-11T16:54:59.463465+00:00 [queued]>
[2026-03-11T16:55:22.075+0000] {taskinstance.py:2076} INFO - Dependencies all met for dep_context=requeueable deps ti=<TaskInstance: offline_translation_pipeline.node4_ge_statistics manual__2026-03-11T16:54:59.463465+00:00 [queued]>
[2026-03-11T16:55:22.076+0000] {taskinstance.py:2306} INFO - Starting attempt 1 of 2
[2026-03-11T16:55:22.116+0000] {taskinstance.py:2330} INFO - Executing <Task(PythonOperator): node4_ge_statistics> on 2026-03-11 16:54:59.463465+00:00
[2026-03-11T16:55:22.123+0000] {standard_task_runner.py:64} INFO - Started process 216 to run task
[2026-03-11T16:55:22.127+0000] {standard_task_runner.py:90} INFO - Running: ['***', 'tasks', 'run', 'offline_translation_pipeline', 'node4_ge_statistics', 'manual__2026-03-11T16:54:59.463465+00:00', '--job-id', '5', '--raw', '--subdir', 'DAGS_FOLDER/offline_pipeline.py', '--cfg-path', '/tmp/tmpdo0mgufb']
[2026-03-11T16:55:22.130+0000] {standard_task_runner.py:91} INFO - Job 5: Subtask node4_ge_statistics
[2026-03-11T16:55:22.390+0000] {task_command.py:426} INFO - Running <TaskInstance: offline_translation_pipeline.node4_ge_statistics manual__2026-03-11T16:54:59.463465+00:00 [running]> on host fb695413c669
[2026-03-11T16:55:22.838+0000] {taskinstance.py:2648} INFO - Exporting env vars: AIRFLOW_CTX_DAG_OWNER='mlops' AIRFLOW_CTX_DAG_ID='offline_translation_pipeline' AIRFLOW_CTX_TASK_ID='node4_ge_statistics' AIRFLOW_CTX_EXECUTION_DATE='2026-03-11T16:54:59.463465+00:00' AIRFLOW_CTX_TRY_NUMBER='1' AIRFLOW_CTX_DAG_RUN_ID='manual__2026-03-11T16:54:59.463465+00:00'
[2026-03-11T16:55:22.839+0000] {taskinstance.py:430} INFO - ::endgroup::
[2026-03-11T16:55:22.858+0000] {logging_mixin.py:188} INFO - Reading train.jsonl line by line...
[2026-03-11T16:55:24.209+0000] {logging_mixin.py:188} INFO - Processed 100000 records...
[2026-03-11T16:55:25.587+0000] {logging_mixin.py:188} INFO - Processed 200000 records...
[2026-03-11T16:55:27.070+0000] {logging_mixin.py:188} INFO - Processed 300000 records...
[2026-03-11T16:55:28.518+0000] {logging_mixin.py:188} INFO - Processed 400000 records...
[2026-03-11T16:55:30.823+0000] {logging_mixin.py:188} INFO - Processed 500000 records...
[2026-03-11T16:55:32.290+0000] {logging_mixin.py:188} INFO - Processed 600000 records...
[2026-03-11T16:55:32.586+0000] {local_task_job_runner.py:313} WARNING - State of this instance has been externally set to success. Terminating instance.
[2026-03-11T16:55:32.588+0000] {local_task_job_runner.py:222} INFO - ::endgroup::
[2026-03-11T16:55:32.592+0000] {process_utils.py:132} INFO - Sending 15 to group 216. PIDs of all processes in the group: [216]
[2026-03-11T16:55:32.592+0000] {process_utils.py:87} INFO - Sending the signal 15 to group 216
[2026-03-11T16:55:32.595+0000] {taskinstance.py:2611} ERROR - Received SIGTERM. Terminating subprocesses.
[2026-03-11T16:55:32.595+0000] {taskinstance.py:441} INFO - ::group::Post task execution logs
[2026-03-11T16:55:32.735+0000] {process_utils.py:80} INFO - Process psutil.Process(pid=216, status='terminated', exitcode=0, started='16:55:21') (216) terminated with exit code 0
