[2026-03-11T16:59:06.271+0000] {local_task_job_runner.py:120} INFO - ::group::Pre task execution logs
[2026-03-11T16:59:06.380+0000] {taskinstance.py:2076} INFO - Dependencies all met for dep_context=non-requeueable deps ti=<TaskInstance: offline_translation_pipeline.node10_trigger_online_pipeline manual__2026-03-11T16:54:59.463465+00:00 [queued]>
[2026-03-11T16:59:06.397+0000] {taskinstance.py:2076} INFO - Dependencies all met for dep_context=requeueable deps ti=<TaskInstance: offline_translation_pipeline.node10_trigger_online_pipeline manual__2026-03-11T16:54:59.463465+00:00 [queued]>
[2026-03-11T16:59:06.398+0000] {taskinstance.py:2306} INFO - Starting attempt 1 of 2
[2026-03-11T16:59:06.430+0000] {taskinstance.py:2330} INFO - Executing <Task(PythonOperator): node10_trigger_online_pipeline> on 2026-03-11 16:54:59.463465+00:00
[2026-03-11T16:59:06.434+0000] {standard_task_runner.py:64} INFO - Started process 268 to run task
[2026-03-11T16:59:06.440+0000] {standard_task_runner.py:90} INFO - Running: ['***', 'tasks', 'run', 'offline_translation_pipeline', 'node10_trigger_online_pipeline', 'manual__2026-03-11T16:54:59.463465+00:00', '--job-id', '11', '--raw', '--subdir', 'DAGS_FOLDER/offline_pipeline.py', '--cfg-path', '/tmp/tmpy3iptnk_']
[2026-03-11T16:59:06.449+0000] {standard_task_runner.py:91} INFO - Job 11: Subtask node10_trigger_online_pipeline
[2026-03-11T16:59:07.018+0000] {task_command.py:426} INFO - Running <TaskInstance: offline_translation_pipeline.node10_trigger_online_pipeline manual__2026-03-11T16:54:59.463465+00:00 [running]> on host fb695413c669
[2026-03-11T16:59:07.934+0000] {taskinstance.py:2648} INFO - Exporting env vars: AIRFLOW_CTX_DAG_OWNER='mlops' AIRFLOW_CTX_DAG_ID='offline_translation_pipeline' AIRFLOW_CTX_TASK_ID='node10_trigger_online_pipeline' AIRFLOW_CTX_EXECUTION_DATE='2026-03-11T16:54:59.463465+00:00' AIRFLOW_CTX_TRY_NUMBER='1' AIRFLOW_CTX_DAG_RUN_ID='manual__2026-03-11T16:54:59.463465+00:00'
[2026-03-11T16:59:07.936+0000] {taskinstance.py:430} INFO - ::endgroup::
[2026-03-11T16:59:07.964+0000] {logging_mixin.py:188} INFO - Trigger payload ready for Phase 2:
[2026-03-11T16:59:07.965+0000] {logging_mixin.py:188} INFO - {
  "gcs_train": "gs://translation-training-data/datasets/v2_approved/train.json",
  "gcs_val": "gs://translation-training-data/datasets/v2_approved/val.json",
  "gcs_schema": "gs://translation-training-data/datasets/v2_approved/schema.json",
  "dataset_version": "v2_approved",
  "train_records": 2123785
}
[2026-03-11T16:59:07.965+0000] {logging_mixin.py:188} INFO - Node 10 complete. Offline pipeline finished.
[2026-03-11T16:59:07.966+0000] {python.py:237} INFO - Done. Returned value was: None
[2026-03-11T16:59:07.967+0000] {taskinstance.py:441} INFO - ::group::Post task execution logs
[2026-03-11T16:59:08.045+0000] {taskinstance.py:1206} INFO - Marking task as SUCCESS. dag_id=offline_translation_pipeline, task_id=node10_trigger_online_pipeline, run_id=manual__2026-03-11T16:54:59.463465+00:00, execution_date=20260311T165459, start_date=20260311T165906, end_date=20260311T165908
[2026-03-11T16:59:08.142+0000] {local_task_job_runner.py:243} INFO - Task exited with return code 0
[2026-03-11T16:59:08.223+0000] {local_task_job_runner.py:222} INFO - ::endgroup::
