[2026-03-11T16:55:28.176+0000] {local_task_job_runner.py:120} INFO - ::group::Pre task execution logs
[2026-03-11T16:55:28.297+0000] {taskinstance.py:2076} INFO - Dependencies all met for dep_context=non-requeueable deps ti=<TaskInstance: offline_translation_pipeline.node5_schema_inference manual__2026-03-11T16:54:59.463465+00:00 [queued]>
[2026-03-11T16:55:28.322+0000] {taskinstance.py:2076} INFO - Dependencies all met for dep_context=requeueable deps ti=<TaskInstance: offline_translation_pipeline.node5_schema_inference manual__2026-03-11T16:54:59.463465+00:00 [queued]>
[2026-03-11T16:55:28.323+0000] {taskinstance.py:2306} INFO - Starting attempt 1 of 2
[2026-03-11T16:55:28.371+0000] {taskinstance.py:2330} INFO - Executing <Task(PythonOperator): node5_schema_inference> on 2026-03-11 16:54:59.463465+00:00
[2026-03-11T16:55:28.377+0000] {standard_task_runner.py:64} INFO - Started process 223 to run task
[2026-03-11T16:55:28.382+0000] {standard_task_runner.py:90} INFO - Running: ['***', 'tasks', 'run', 'offline_translation_pipeline', 'node5_schema_inference', 'manual__2026-03-11T16:54:59.463465+00:00', '--job-id', '6', '--raw', '--subdir', 'DAGS_FOLDER/offline_pipeline.py', '--cfg-path', '/tmp/tmpsx60t69r']
[2026-03-11T16:55:28.384+0000] {standard_task_runner.py:91} INFO - Job 6: Subtask node5_schema_inference
[2026-03-11T16:55:28.644+0000] {task_command.py:426} INFO - Running <TaskInstance: offline_translation_pipeline.node5_schema_inference manual__2026-03-11T16:54:59.463465+00:00 [running]> on host fb695413c669
[2026-03-11T16:55:29.253+0000] {taskinstance.py:2648} INFO - Exporting env vars: AIRFLOW_CTX_DAG_OWNER='mlops' AIRFLOW_CTX_DAG_ID='offline_translation_pipeline' AIRFLOW_CTX_TASK_ID='node5_schema_inference' AIRFLOW_CTX_EXECUTION_DATE='2026-03-11T16:54:59.463465+00:00' AIRFLOW_CTX_TRY_NUMBER='1' AIRFLOW_CTX_DAG_RUN_ID='manual__2026-03-11T16:54:59.463465+00:00'
[2026-03-11T16:55:29.255+0000] {taskinstance.py:430} INFO - ::endgroup::
[2026-03-11T16:55:29.286+0000] {logging_mixin.py:188} INFO - Schema loaded from reports/schema.json
[2026-03-11T16:55:29.287+0000] {logging_mixin.py:188} INFO - {
  "required_fields": [
    "instruction",
    "input",
    "output",
    "domain",
    "direction"
  ],
  "valid_domains": [
    "medical",
    "legal"
  ],
  "valid_directions": [
    "en_to_es",
    "es_to_en"
  ],
  "total_records": 2123785,
  "null_counts": {
    "input": 0,
    "output": 0
  },
  "input_len_stats": {
    "mean": 18.45,
    "max": 200,
    "min": 3
  }
}
[2026-03-11T16:55:29.288+0000] {logging_mixin.py:188} INFO - Node 5 complete.
[2026-03-11T16:55:29.289+0000] {python.py:237} INFO - Done. Returned value was: None
[2026-03-11T16:55:29.290+0000] {taskinstance.py:441} INFO - ::group::Post task execution logs
[2026-03-11T16:55:29.381+0000] {taskinstance.py:1206} INFO - Marking task as SUCCESS. dag_id=offline_translation_pipeline, task_id=node5_schema_inference, run_id=manual__2026-03-11T16:54:59.463465+00:00, execution_date=20260311T165459, start_date=20260311T165528, end_date=20260311T165529
[2026-03-11T16:55:29.491+0000] {local_task_job_runner.py:243} INFO - Task exited with return code 0
[2026-03-11T16:55:29.697+0000] {taskinstance.py:3503} INFO - 1 downstream tasks scheduled from follow-on schedule check
[2026-03-11T16:55:29.702+0000] {local_task_job_runner.py:222} INFO - ::endgroup::
