[2026-03-11T16:55:35.363+0000] {local_task_job_runner.py:120} INFO - ::group::Pre task execution logs
[2026-03-11T16:55:35.478+0000] {taskinstance.py:2076} INFO - Dependencies all met for dep_context=non-requeueable deps ti=<TaskInstance: offline_translation_pipeline.node7_dataset_slicing manual__2026-03-11T16:54:59.463465+00:00 [queued]>
[2026-03-11T16:55:35.496+0000] {taskinstance.py:2076} INFO - Dependencies all met for dep_context=requeueable deps ti=<TaskInstance: offline_translation_pipeline.node7_dataset_slicing manual__2026-03-11T16:54:59.463465+00:00 [queued]>
[2026-03-11T16:55:35.496+0000] {taskinstance.py:2306} INFO - Starting attempt 1 of 2
[2026-03-11T16:55:35.533+0000] {taskinstance.py:2330} INFO - Executing <Task(PythonOperator): node7_dataset_slicing> on 2026-03-11 16:54:59.463465+00:00
[2026-03-11T16:55:35.538+0000] {standard_task_runner.py:64} INFO - Started process 227 to run task
[2026-03-11T16:55:35.543+0000] {standard_task_runner.py:90} INFO - Running: ['***', 'tasks', 'run', 'offline_translation_pipeline', 'node7_dataset_slicing', 'manual__2026-03-11T16:54:59.463465+00:00', '--job-id', '8', '--raw', '--subdir', 'DAGS_FOLDER/offline_pipeline.py', '--cfg-path', '/tmp/tmpqht103ou']
[2026-03-11T16:55:35.546+0000] {standard_task_runner.py:91} INFO - Job 8: Subtask node7_dataset_slicing
[2026-03-11T16:55:35.785+0000] {task_command.py:426} INFO - Running <TaskInstance: offline_translation_pipeline.node7_dataset_slicing manual__2026-03-11T16:54:59.463465+00:00 [running]> on host fb695413c669
[2026-03-11T16:55:36.234+0000] {taskinstance.py:2648} INFO - Exporting env vars: AIRFLOW_CTX_DAG_OWNER='mlops' AIRFLOW_CTX_DAG_ID='offline_translation_pipeline' AIRFLOW_CTX_TASK_ID='node7_dataset_slicing' AIRFLOW_CTX_EXECUTION_DATE='2026-03-11T16:54:59.463465+00:00' AIRFLOW_CTX_TRY_NUMBER='1' AIRFLOW_CTX_DAG_RUN_ID='manual__2026-03-11T16:54:59.463465+00:00'
[2026-03-11T16:55:36.235+0000] {taskinstance.py:430} INFO - ::endgroup::
[2026-03-11T16:55:36.257+0000] {logging_mixin.py:188} INFO - Reading test.jsonl for slicing...
[2026-03-11T16:55:42.651+0000] {logging_mixin.py:188} INFO - Slice [medical]: 158075 records → /opt/***/data/processed/slices/medical.jsonl
[2026-03-11T16:55:44.680+0000] {logging_mixin.py:188} INFO - Slice [legal]: 107399 records → /opt/***/data/processed/slices/legal.jsonl
[2026-03-11T16:55:46.998+0000] {logging_mixin.py:188} INFO - Slice [en_to_es]: 132921 records → /opt/***/data/processed/slices/en_to_es.jsonl
[2026-03-11T16:55:49.455+0000] {logging_mixin.py:188} INFO - Slice [es_to_en]: 132553 records → /opt/***/data/processed/slices/es_to_en.jsonl
[2026-03-11T16:55:51.215+0000] {local_task_job_runner.py:313} WARNING - State of this instance has been externally set to success. Terminating instance.
[2026-03-11T16:55:51.217+0000] {local_task_job_runner.py:222} INFO - ::endgroup::
[2026-03-11T16:55:51.222+0000] {process_utils.py:132} INFO - Sending 15 to group 227. PIDs of all processes in the group: [227]
[2026-03-11T16:55:51.222+0000] {process_utils.py:87} INFO - Sending the signal 15 to group 227
[2026-03-11T16:55:51.224+0000] {taskinstance.py:2611} ERROR - Received SIGTERM. Terminating subprocesses.
[2026-03-11T16:55:51.225+0000] {taskinstance.py:441} INFO - ::group::Post task execution logs
[2026-03-11T16:55:51.533+0000] {process_utils.py:80} INFO - Process psutil.Process(pid=227, status='terminated', exitcode=0, started='16:55:35') (227) terminated with exit code 0
