[2026-03-11T00:17:01.746+0000] {local_task_job_runner.py:120} INFO - ::group::Pre task execution logs
[2026-03-11T00:17:01.856+0000] {taskinstance.py:2076} INFO - Dependencies all met for dep_context=non-requeueable deps ti=<TaskInstance: offline_translation_pipeline.node6_anomaly_detection manual__2026-03-11T00:00:32.108331+00:00 [queued]>
[2026-03-11T00:17:01.874+0000] {taskinstance.py:2076} INFO - Dependencies all met for dep_context=requeueable deps ti=<TaskInstance: offline_translation_pipeline.node6_anomaly_detection manual__2026-03-11T00:00:32.108331+00:00 [queued]>
[2026-03-11T00:17:01.874+0000] {taskinstance.py:2306} INFO - Starting attempt 1 of 2
[2026-03-11T00:17:01.906+0000] {taskinstance.py:2330} INFO - Executing <Task(PythonOperator): node6_anomaly_detection> on 2026-03-11 00:00:32.108331+00:00
[2026-03-11T00:17:01.911+0000] {standard_task_runner.py:64} INFO - Started process 1266 to run task
[2026-03-11T00:17:01.915+0000] {standard_task_runner.py:90} INFO - Running: ['***', 'tasks', 'run', 'offline_translation_pipeline', 'node6_anomaly_detection', 'manual__2026-03-11T00:00:32.108331+00:00', '--job-id', '24', '--raw', '--subdir', 'DAGS_FOLDER/offline_pipeline.py', '--cfg-path', '/tmp/tmpclxc8loy']
[2026-03-11T00:17:01.918+0000] {standard_task_runner.py:91} INFO - Job 24: Subtask node6_anomaly_detection
[2026-03-11T00:17:02.153+0000] {task_command.py:426} INFO - Running <TaskInstance: offline_translation_pipeline.node6_anomaly_detection manual__2026-03-11T00:00:32.108331+00:00 [running]> on host 1412c404c413
[2026-03-11T00:17:02.569+0000] {taskinstance.py:2648} INFO - Exporting env vars: AIRFLOW_CTX_DAG_OWNER='mlops' AIRFLOW_CTX_DAG_ID='offline_translation_pipeline' AIRFLOW_CTX_TASK_ID='node6_anomaly_detection' AIRFLOW_CTX_EXECUTION_DATE='2026-03-11T00:00:32.108331+00:00' AIRFLOW_CTX_TRY_NUMBER='1' AIRFLOW_CTX_DAG_RUN_ID='manual__2026-03-11T00:00:32.108331+00:00'
[2026-03-11T00:17:02.570+0000] {taskinstance.py:430} INFO - ::endgroup::
[2026-03-11T00:17:02.590+0000] {logging_mixin.py:188} INFO - Reading val.jsonl for anomaly detection...
[2026-03-11T00:17:04.883+0000] {logging_mixin.py:188} INFO - No anomalies detected. Validated 265473 records.
[2026-03-11T00:17:04.884+0000] {logging_mixin.py:188} INFO - Node 6 complete.
[2026-03-11T00:17:04.884+0000] {python.py:237} INFO - Done. Returned value was: None
[2026-03-11T00:17:04.885+0000] {taskinstance.py:441} INFO - ::group::Post task execution logs
[2026-03-11T00:17:04.956+0000] {taskinstance.py:1206} INFO - Marking task as SUCCESS. dag_id=offline_translation_pipeline, task_id=node6_anomaly_detection, run_id=manual__2026-03-11T00:00:32.108331+00:00, execution_date=20260311T000032, start_date=20260311T001701, end_date=20260311T001704
[2026-03-11T00:17:05.034+0000] {local_task_job_runner.py:243} INFO - Task exited with return code 0
[2026-03-11T00:17:05.146+0000] {taskinstance.py:3503} INFO - 1 downstream tasks scheduled from follow-on schedule check
[2026-03-11T00:17:05.149+0000] {local_task_job_runner.py:222} INFO - ::endgroup::
