[2026-03-19T01:45:08.489+0000] {local_task_job_runner.py:120} INFO - ::group::Pre task execution logs
[2026-03-19T01:45:08.675+0000] {taskinstance.py:2076} INFO - Dependencies all met for dep_context=non-requeueable deps ti=<TaskInstance: offline_translation_pipeline.node4_ge_statistics manual__2026-03-19T01:44:17.164880+00:00 [queued]>
[2026-03-19T01:45:08.695+0000] {taskinstance.py:2076} INFO - Dependencies all met for dep_context=requeueable deps ti=<TaskInstance: offline_translation_pipeline.node4_ge_statistics manual__2026-03-19T01:44:17.164880+00:00 [queued]>
[2026-03-19T01:45:08.696+0000] {taskinstance.py:2306} INFO - Starting attempt 1 of 2
[2026-03-19T01:45:08.732+0000] {taskinstance.py:2330} INFO - Executing <Task(PythonOperator): node4_ge_statistics> on 2026-03-19 01:44:17.164880+00:00
[2026-03-19T01:45:08.741+0000] {standard_task_runner.py:64} INFO - Started process 220 to run task
[2026-03-19T01:45:08.746+0000] {standard_task_runner.py:90} INFO - Running: ['***', 'tasks', 'run', 'offline_translation_pipeline', 'node4_ge_statistics', 'manual__2026-03-19T01:44:17.164880+00:00', '--job-id', '6', '--raw', '--subdir', 'DAGS_FOLDER/offline_pipeline.py', '--cfg-path', '/tmp/tmp_wahpomk']
[2026-03-19T01:45:08.748+0000] {standard_task_runner.py:91} INFO - Job 6: Subtask node4_ge_statistics
[2026-03-19T01:45:09.058+0000] {task_command.py:426} INFO - Running <TaskInstance: offline_translation_pipeline.node4_ge_statistics manual__2026-03-19T01:44:17.164880+00:00 [running]> on host 3b30bcd592c9
[2026-03-19T01:45:09.570+0000] {taskinstance.py:2648} INFO - Exporting env vars: AIRFLOW_CTX_DAG_OWNER='mlops' AIRFLOW_CTX_DAG_ID='offline_translation_pipeline' AIRFLOW_CTX_TASK_ID='node4_ge_statistics' AIRFLOW_CTX_EXECUTION_DATE='2026-03-19T01:44:17.164880+00:00' AIRFLOW_CTX_TRY_NUMBER='1' AIRFLOW_CTX_DAG_RUN_ID='manual__2026-03-19T01:44:17.164880+00:00'
[2026-03-19T01:45:09.573+0000] {taskinstance.py:430} INFO - ::endgroup::
[2026-03-19T01:45:09.594+0000] {logging_mixin.py:188} INFO - Reading train.jsonl line by line...
[2026-03-19T01:45:10.854+0000] {logging_mixin.py:188} INFO - Processed 100000 records...
[2026-03-19T01:45:12.120+0000] {logging_mixin.py:188} INFO - Processed 200000 records...
[2026-03-19T01:45:13.389+0000] {logging_mixin.py:188} INFO - Processed 300000 records...
[2026-03-19T01:45:14.683+0000] {logging_mixin.py:188} INFO - Processed 400000 records...
[2026-03-19T01:45:16.146+0000] {logging_mixin.py:188} INFO - Processed 500000 records...
[2026-03-19T01:45:17.934+0000] {logging_mixin.py:188} INFO - Processed 600000 records...
[2026-03-19T01:45:20.293+0000] {logging_mixin.py:188} INFO - Processed 700000 records...
[2026-03-19T01:45:21.546+0000] {logging_mixin.py:188} INFO - Processed 800000 records...
[2026-03-19T01:45:22.792+0000] {logging_mixin.py:188} INFO - Processed 900000 records...
[2026-03-19T01:45:24.132+0000] {logging_mixin.py:188} INFO - Processed 1000000 records...
[2026-03-19T01:45:24.557+0000] {local_task_job_runner.py:313} WARNING - State of this instance has been externally set to success. Terminating instance.
[2026-03-19T01:45:24.558+0000] {local_task_job_runner.py:222} INFO - ::endgroup::
[2026-03-19T01:45:24.563+0000] {process_utils.py:132} INFO - Sending 15 to group 220. PIDs of all processes in the group: [220]
[2026-03-19T01:45:24.564+0000] {process_utils.py:87} INFO - Sending the signal 15 to group 220
[2026-03-19T01:45:24.571+0000] {taskinstance.py:2611} ERROR - Received SIGTERM. Terminating subprocesses.
[2026-03-19T01:45:24.572+0000] {taskinstance.py:441} INFO - ::group::Post task execution logs
[2026-03-19T01:45:24.720+0000] {process_utils.py:80} INFO - Process psutil.Process(pid=220, status='terminated', exitcode=0, started='01:45:08') (220) terminated with exit code 0
