[2026-03-19T01:45:22.580+0000] {local_task_job_runner.py:120} INFO - ::group::Pre task execution logs
[2026-03-19T01:45:22.692+0000] {taskinstance.py:2076} INFO - Dependencies all met for dep_context=non-requeueable deps ti=<TaskInstance: offline_translation_pipeline.node6_anomaly_detection manual__2026-03-19T01:44:17.164880+00:00 [queued]>
[2026-03-19T01:45:22.709+0000] {taskinstance.py:2076} INFO - Dependencies all met for dep_context=requeueable deps ti=<TaskInstance: offline_translation_pipeline.node6_anomaly_detection manual__2026-03-19T01:44:17.164880+00:00 [queued]>
[2026-03-19T01:45:22.710+0000] {taskinstance.py:2306} INFO - Starting attempt 1 of 2
[2026-03-19T01:45:22.745+0000] {taskinstance.py:2330} INFO - Executing <Task(PythonOperator): node6_anomaly_detection> on 2026-03-19 01:44:17.164880+00:00
[2026-03-19T01:45:22.753+0000] {standard_task_runner.py:64} INFO - Started process 224 to run task
[2026-03-19T01:45:22.760+0000] {standard_task_runner.py:90} INFO - Running: ['***', 'tasks', 'run', 'offline_translation_pipeline', 'node6_anomaly_detection', 'manual__2026-03-19T01:44:17.164880+00:00', '--job-id', '8', '--raw', '--subdir', 'DAGS_FOLDER/offline_pipeline.py', '--cfg-path', '/tmp/tmpc4v6dyaz']
[2026-03-19T01:45:22.767+0000] {standard_task_runner.py:91} INFO - Job 8: Subtask node6_anomaly_detection
[2026-03-19T01:45:23.038+0000] {task_command.py:426} INFO - Running <TaskInstance: offline_translation_pipeline.node6_anomaly_detection manual__2026-03-19T01:44:17.164880+00:00 [running]> on host 3b30bcd592c9
[2026-03-19T01:45:23.537+0000] {taskinstance.py:2648} INFO - Exporting env vars: AIRFLOW_CTX_DAG_OWNER='mlops' AIRFLOW_CTX_DAG_ID='offline_translation_pipeline' AIRFLOW_CTX_TASK_ID='node6_anomaly_detection' AIRFLOW_CTX_EXECUTION_DATE='2026-03-19T01:44:17.164880+00:00' AIRFLOW_CTX_TRY_NUMBER='1' AIRFLOW_CTX_DAG_RUN_ID='manual__2026-03-19T01:44:17.164880+00:00'
[2026-03-19T01:45:23.539+0000] {taskinstance.py:430} INFO - ::endgroup::
[2026-03-19T01:45:23.568+0000] {logging_mixin.py:188} INFO - Reading val.jsonl for anomaly detection...
[2026-03-19T01:45:26.031+0000] {logging_mixin.py:188} INFO - No anomalies detected. Validated 265473 records.
[2026-03-19T01:45:26.032+0000] {logging_mixin.py:188} INFO - Node 6 complete.
[2026-03-19T01:45:26.032+0000] {python.py:237} INFO - Done. Returned value was: None
[2026-03-19T01:45:26.033+0000] {taskinstance.py:441} INFO - ::group::Post task execution logs
[2026-03-19T01:45:26.098+0000] {taskinstance.py:1206} INFO - Marking task as SUCCESS. dag_id=offline_translation_pipeline, task_id=node6_anomaly_detection, run_id=manual__2026-03-19T01:44:17.164880+00:00, execution_date=20260319T014417, start_date=20260319T014522, end_date=20260319T014526
[2026-03-19T01:45:26.151+0000] {local_task_job_runner.py:243} INFO - Task exited with return code 0
[2026-03-19T01:45:26.295+0000] {taskinstance.py:3503} INFO - 1 downstream tasks scheduled from follow-on schedule check
[2026-03-19T01:45:26.298+0000] {local_task_job_runner.py:222} INFO - ::endgroup::
